listening at port 3000
GET /locations/
GET /locations/
GET /locations/
GET /locations/
GET /locations/
GET /locations/
listening at port 3000
listening at port 3000
GET /locations/
GET /locations/
GET /locations/
GET /locations/
GET /locations/
GET /locations/
GET /locations/
GET /locations/55f3162e639b2dbb1e72fc9b
GET /
GET /favicon.ico
GET /locations
GET /locations?latitude=37.422005&longtitude=-122.084095
GET /locations?latitude=37.422005&longtitude=-122.084095
GET /locations/55f31635639b2dbb1e72fc9d
GET /locations/id
GET /locations/id
GET /locations/
GET /locations/55f3162e639b2dbb1e72fc9b
POST /locations/55f3162e639b2dbb1e72fc9b
GET /locations/55f3162e639b2dbb1e72fc9b
GET /locations/
GET /locations/55f3162e639b2dbb1e72fc9b
GET /locations/55f3162e639b2dbb1e72fc9b
GET /locations/55f3162e639b2dbb1e72fc9b
POST /locations/55f3162e639b2dbb1e72fc9b
listening at port 3000
GET /locations/
GET /favicon.ico
GET /locations/
GET /locations?latitude=37.32345754699548&longtitude=-121.94052995219354
GET /locations?latitude=37.32345754699548&longtitude=-121.94052995219354
GET /locations/55f3162e639b2dbb1e72fc9b
GET /locations/55f3162e639b2dbb1e72fc9b
GET /locations/
GET /favicon.ico
